<?xml version="1.0" encoding="UTF-8"?>
<!-- Generated by org.testng.reporters.JUnitReportReporter -->
<testsuite hostname="maheshv" failures="0" tests="1" name="com.training.tests.HomeTest" time="11.297" errors="0" timestamp="2022-11-09T20:26:26 GMT-08:00" skipped="0">
  <testcase classname="com.training.tests.HomeTest" name="validateHomeScreen" time="11.297"/>
  <system-out/>
</testsuite> <!-- com.training.tests.HomeTest -->
