<?xml version="1.0" encoding="UTF-8"?>
<!-- Generated by org.testng.reporters.JUnitReportReporter -->
<testsuite hostname="maheshv" failures="0" tests="2" name="com.trainingg.tests.LoginTest" time="15.764" errors="0" timestamp="2022-11-07T18:58:58 GMT-08:00" skipped="0">
  <testcase classname="com.trainingg.tests.LoginTest" name="loginInvalidusernameandpassword" time="5.970"/>
  <system-out/>
  <testcase classname="com.trainingg.tests.LoginTest" name="loginvalidusernameandpassword" time="9.794"/>
  <system-out/>
</testsuite> <!-- com.trainingg.tests.LoginTest -->
