<?xml version="1.0" encoding="UTF-8"?>
<!-- Generated by org.testng.reporters.JUnitReportReporter -->
<testsuite hostname="Neelima" failures="0" tests="1" name="com.training.tests.LoginTest" time="19.213" errors="0" timestamp="2022-11-15T17:21:51 PST" skipped="0">
  <testcase classname="com.training.tests.LoginTest" name="loginValidUserName" time="19.213"/>
  <system-out/>
</testsuite> <!-- com.training.tests.LoginTest -->
